<?xml version="1.0" encoding="UTF-8" ?>
<testsuite tests="3" failures="0" name="SonarAndJacoco.SonarAndJacoco.TestShowMessage" time="0.01" errors="0" skipped="0">
  <properties>
[...]
</properties>
  <testcase classname="SonarAndJacoco.SonarAndJacoco.TestShowMessage" name="testshow" time="0.009"/>
  <testcase classname="SonarAndJacoco.SonarAndJacoco.TestShowMessage" name="testfinalMessage" time="0.001"/>
  <testcase classname="SonarAndJacoco.SonarAndJacoco.TestShowMessage" name="testnewmessage" time="0"/>
</testsuite>